{"F:\\Workspaces\\yideng\\video-system\\build\\app.js": {"path":"F:\\Workspaces\\yideng\\video-system\\build\\app.js","statementMap":{"0":{"start":{"line":3,"column":0},"end":{"line":5,"column":3}},"1":{"start":{"line":7,"column":11},"end":{"line":7,"column":25}},"2":{"start":{"line":9,"column":12},"end":{"line":9,"column":40}},"3":{"start":{"line":11,"column":12},"end":{"line":11,"column":27}},"4":{"start":{"line":13,"column":13},"end":{"line":13,"column":42}},"5":{"start":{"line":15,"column":17},"end":{"line":15,"column":38}},"6":{"start":{"line":17,"column":18},"end":{"line":17,"column":52}},"7":{"start":{"line":19,"column":13},"end":{"line":19,"column":39}},"8":{"start":{"line":21,"column":14},"end":{"line":21,"column":44}},"9":{"start":{"line":23,"column":14},"end":{"line":23,"column":40}},"10":{"start":{"line":25,"column":15},"end":{"line":25,"column":46}},"11":{"start":{"line":27,"column":39},"end":{"line":27,"column":93}},"12":{"start":{"line":29,"column":10},"end":{"line":29,"column":29}},"13":{"start":{"line":32,"column":0},"end":{"line":32,"column":69}},"14":{"start":{"line":34,"column":0},"end":{"line":34,"column":68}},"15":{"start":{"line":36,"column":0},"end":{"line":38,"column":3}},"16":{"start":{"line":37,"column":4},"end":{"line":37,"column":79}},"17":{"start":{"line":40,"column":0},"end":{"line":40,"column":22}}},"fnMap":{"0":{"name":"_interopRequireDefault","decl":{"start":{"line":27,"column":9},"end":{"line":27,"column":31}},"loc":{"start":{"line":27,"column":37},"end":{"line":27,"column":95}},"line":27},"1":{"name":"(anonymous_1)","decl":{"start":{"line":36,"column":41},"end":{"line":36,"column":42}},"loc":{"start":{"line":36,"column":53},"end":{"line":38,"column":1}},"line":36}},"branchMap":{"0":{"loc":{"start":{"line":27,"column":46},"end":{"line":27,"column":92}},"type":"cond-expr","locations":[{"start":{"line":27,"column":70},"end":{"line":27,"column":73}},{"start":{"line":27,"column":76},"end":{"line":27,"column":92}}],"line":27},"1":{"loc":{"start":{"line":27,"column":46},"end":{"line":27,"column":67}},"type":"binary-expr","locations":[{"start":{"line":27,"column":46},"end":{"line":27,"column":49}},{"start":{"line":27,"column":53},"end":{"line":27,"column":67}}],"line":27}},"s":{"0":1,"1":1,"2":1,"3":1,"4":1,"5":1,"6":1,"7":1,"8":1,"9":1,"10":1,"11":5,"12":1,"13":1,"14":1,"15":1,"16":1,"17":1},"f":{"0":5,"1":1},"b":{"0":[1,4],"1":[5,5]},"_coverageSchema":"332fd63041d2c1bcb487cc26dd0d5f7d97098a6c","hash":"750322aa2646c0675c3d32c4b53f91436924d071"}
,"F:\\Workspaces\\yideng\\video-system\\build\\config\\config.js": {"path":"F:\\Workspaces\\yideng\\video-system\\build\\config\\config.js","statementMap":{"0":{"start":{"line":3,"column":0},"end":{"line":5,"column":3}},"1":{"start":{"line":7,"column":12},"end":{"line":7,"column":27}},"2":{"start":{"line":9,"column":13},"end":{"line":9,"column":42}},"3":{"start":{"line":11,"column":39},"end":{"line":11,"column":93}},"4":{"start":{"line":13,"column":13},"end":{"line":13,"column":22}},"5":{"start":{"line":14,"column":0},"end":{"line":14,"column":25}},"6":{"start":{"line":15,"column":0},"end":{"line":15,"column":69}},"7":{"start":{"line":16,"column":0},"end":{"line":16,"column":79}},"8":{"start":{"line":17,"column":0},"end":{"line":17,"column":57}},"9":{"start":{"line":18,"column":0},"end":{"line":18,"column":25}}},"fnMap":{"0":{"name":"_interopRequireDefault","decl":{"start":{"line":11,"column":9},"end":{"line":11,"column":31}},"loc":{"start":{"line":11,"column":37},"end":{"line":11,"column":95}},"line":11}},"branchMap":{"0":{"loc":{"start":{"line":11,"column":46},"end":{"line":11,"column":92}},"type":"cond-expr","locations":[{"start":{"line":11,"column":70},"end":{"line":11,"column":73}},{"start":{"line":11,"column":76},"end":{"line":11,"column":92}}],"line":11},"1":{"loc":{"start":{"line":11,"column":46},"end":{"line":11,"column":67}},"type":"binary-expr","locations":[{"start":{"line":11,"column":46},"end":{"line":11,"column":49}},{"start":{"line":11,"column":53},"end":{"line":11,"column":67}}],"line":11}},"s":{"0":1,"1":1,"2":1,"3":1,"4":1,"5":1,"6":1,"7":1,"8":1,"9":1},"f":{"0":1},"b":{"0":[0,1],"1":[1,1]},"_coverageSchema":"332fd63041d2c1bcb487cc26dd0d5f7d97098a6c","hash":"838655300fd3e852e346926548aad72eb1791d84"}
,"F:\\Workspaces\\yideng\\video-system\\build\\models\\index.js": {"path":"F:\\Workspaces\\yideng\\video-system\\build\\models\\index.js","statementMap":{"0":{"start":{"line":3,"column":0},"end":{"line":5,"column":3}},"1":{"start":{"line":7,"column":22},"end":{"line":7,"column":48}},"2":{"start":{"line":9,"column":23},"end":{"line":9,"column":62}},"3":{"start":{"line":11,"column":14},"end":{"line":11,"column":41}},"4":{"start":{"line":13,"column":15},"end":{"line":13,"column":46}},"5":{"start":{"line":15,"column":39},"end":{"line":15,"column":93}},"6":{"start":{"line":17,"column":33},"end":{"line":17,"column":456}},"7":{"start":{"line":17,"column":64},"end":{"line":17,"column":89}},"8":{"start":{"line":17,"column":91},"end":{"line":17,"column":453}},"9":{"start":{"line":17,"column":165},"end":{"line":17,"column":263}},"10":{"start":{"line":17,"column":182},"end":{"line":17,"column":195}},"11":{"start":{"line":17,"column":209},"end":{"line":17,"column":219}},"12":{"start":{"line":17,"column":239},"end":{"line":17,"column":253}},"13":{"start":{"line":17,"column":254},"end":{"line":17,"column":261}},"14":{"start":{"line":17,"column":264},"end":{"line":17,"column":426}},"15":{"start":{"line":17,"column":281},"end":{"line":17,"column":296}},"16":{"start":{"line":17,"column":306},"end":{"line":17,"column":424}},"17":{"start":{"line":17,"column":360},"end":{"line":17,"column":380}},"18":{"start":{"line":17,"column":401},"end":{"line":17,"column":420}},"19":{"start":{"line":17,"column":429},"end":{"line":17,"column":449}},"20":{"start":{"line":19,"column":17},"end":{"line":42,"column":1}},"21":{"start":{"line":21,"column":8},"end":{"line":40,"column":13}},"22":{"start":{"line":22,"column":23},"end":{"line":35,"column":15}},"23":{"start":{"line":23,"column":16},"end":{"line":34,"column":39}},"24":{"start":{"line":24,"column":20},"end":{"line":33,"column":21}},"25":{"start":{"line":25,"column":24},"end":{"line":32,"column":25}},"26":{"start":{"line":27,"column":32},"end":{"line":27,"column":71}},"27":{"start":{"line":31,"column":32},"end":{"line":31,"column":55}},"28":{"start":{"line":37,"column":12},"end":{"line":39,"column":14}},"29":{"start":{"line":38,"column":16},"end":{"line":38,"column":51}},"30":{"start":{"line":44,"column":0},"end":{"line":44,"column":29}}},"fnMap":{"0":{"name":"_interopRequireDefault","decl":{"start":{"line":15,"column":9},"end":{"line":15,"column":31}},"loc":{"start":{"line":15,"column":37},"end":{"line":15,"column":95}},"line":15},"1":{"name":"_asyncToGenerator","decl":{"start":{"line":17,"column":9},"end":{"line":17,"column":26}},"loc":{"start":{"line":17,"column":31},"end":{"line":17,"column":458}},"line":17},"2":{"name":"(anonymous_2)","decl":{"start":{"line":17,"column":40},"end":{"line":17,"column":41}},"loc":{"start":{"line":17,"column":52},"end":{"line":17,"column":455}},"line":17},"3":{"name":"(anonymous_3)","decl":{"start":{"line":17,"column":110},"end":{"line":17,"column":111}},"loc":{"start":{"line":17,"column":137},"end":{"line":17,"column":451}},"line":17},"4":{"name":"step","decl":{"start":{"line":17,"column":148},"end":{"line":17,"column":152}},"loc":{"start":{"line":17,"column":163},"end":{"line":17,"column":428}},"line":17},"5":{"name":"(anonymous_5)","decl":{"start":{"line":17,"column":341},"end":{"line":17,"column":342}},"loc":{"start":{"line":17,"column":358},"end":{"line":17,"column":382}},"line":17},"6":{"name":"(anonymous_6)","decl":{"start":{"line":17,"column":384},"end":{"line":17,"column":385}},"loc":{"start":{"line":17,"column":399},"end":{"line":17,"column":422}},"line":17},"7":{"name":"getInfo","decl":{"start":{"line":20,"column":22},"end":{"line":20,"column":29}},"loc":{"start":{"line":20,"column":32},"end":{"line":41,"column":5}},"line":20},"8":{"name":"(anonymous_8)","decl":{"start":{"line":21,"column":83},"end":{"line":21,"column":84}},"loc":{"start":{"line":21,"column":95},"end":{"line":40,"column":9}},"line":21},"9":{"name":"_callee","decl":{"start":{"line":22,"column":88},"end":{"line":22,"column":95}},"loc":{"start":{"line":22,"column":102},"end":{"line":35,"column":13}},"line":22},"10":{"name":"_callee$","decl":{"start":{"line":23,"column":56},"end":{"line":23,"column":64}},"loc":{"start":{"line":23,"column":75},"end":{"line":34,"column":17}},"line":23},"11":{"name":"(anonymous_11)","decl":{"start":{"line":37,"column":19},"end":{"line":37,"column":20}},"loc":{"start":{"line":37,"column":33},"end":{"line":39,"column":13}},"line":37}},"branchMap":{"0":{"loc":{"start":{"line":15,"column":46},"end":{"line":15,"column":92}},"type":"cond-expr","locations":[{"start":{"line":15,"column":70},"end":{"line":15,"column":73}},{"start":{"line":15,"column":76},"end":{"line":15,"column":92}}],"line":15},"1":{"loc":{"start":{"line":15,"column":46},"end":{"line":15,"column":67}},"type":"binary-expr","locations":[{"start":{"line":15,"column":46},"end":{"line":15,"column":49}},{"start":{"line":15,"column":53},"end":{"line":15,"column":67}}],"line":15},"2":{"loc":{"start":{"line":17,"column":264},"end":{"line":17,"column":426}},"type":"if","locations":[{"start":{"line":17,"column":264},"end":{"line":17,"column":426}},{"start":{"line":17,"column":264},"end":{"line":17,"column":426}}],"line":17},"3":{"loc":{"start":{"line":25,"column":24},"end":{"line":32,"column":25}},"type":"switch","locations":[{"start":{"line":26,"column":28},"end":{"line":27,"column":71}},{"start":{"line":29,"column":28},"end":{"line":29,"column":35}},{"start":{"line":30,"column":28},"end":{"line":31,"column":55}}],"line":25}},"s":{"0":1,"1":1,"2":1,"3":1,"4":1,"5":2,"6":1,"7":1,"8":1,"9":1,"10":1,"11":1,"12":0,"13":0,"14":1,"15":1,"16":0,"17":0,"18":0,"19":1,"20":1,"21":1,"22":1,"23":1,"24":2,"25":2,"26":1,"27":1,"28":1,"29":1,"30":1},"f":{"0":2,"1":1,"2":1,"3":1,"4":1,"5":0,"6":0,"7":1,"8":1,"9":1,"10":2,"11":1},"b":{"0":[1,1],"1":[2,2],"2":[1,0],"3":[1,0,1]},"_coverageSchema":"332fd63041d2c1bcb487cc26dd0d5f7d97098a6c","hash":"3bb9898b5cead0ebaa0052410ee55619af87a5f7"}
,"F:\\Workspaces\\yideng\\video-system\\build\\routers\\index.js": {"path":"F:\\Workspaces\\yideng\\video-system\\build\\routers\\index.js","statementMap":{"0":{"start":{"line":3,"column":10},"end":{"line":3,"column":23}},"1":{"start":{"line":5,"column":11},"end":{"line":5,"column":38}},"2":{"start":{"line":7,"column":0},"end":{"line":7,"column":26}},"3":{"start":{"line":9,"column":17},"end":{"line":9,"column":38}},"4":{"start":{"line":11,"column":18},"end":{"line":11,"column":52}},"5":{"start":{"line":13,"column":13},"end":{"line":13,"column":39}},"6":{"start":{"line":15,"column":14},"end":{"line":15,"column":44}},"7":{"start":{"line":17,"column":14},"end":{"line":17,"column":41}},"8":{"start":{"line":19,"column":15},"end":{"line":19,"column":46}},"9":{"start":{"line":21,"column":39},"end":{"line":21,"column":93}},"10":{"start":{"line":23,"column":33},"end":{"line":23,"column":456}},"11":{"start":{"line":23,"column":64},"end":{"line":23,"column":89}},"12":{"start":{"line":23,"column":91},"end":{"line":23,"column":453}},"13":{"start":{"line":23,"column":165},"end":{"line":23,"column":263}},"14":{"start":{"line":23,"column":182},"end":{"line":23,"column":195}},"15":{"start":{"line":23,"column":209},"end":{"line":23,"column":219}},"16":{"start":{"line":23,"column":239},"end":{"line":23,"column":253}},"17":{"start":{"line":23,"column":254},"end":{"line":23,"column":261}},"18":{"start":{"line":23,"column":264},"end":{"line":23,"column":426}},"19":{"start":{"line":23,"column":281},"end":{"line":23,"column":296}},"20":{"start":{"line":23,"column":306},"end":{"line":23,"column":424}},"21":{"start":{"line":23,"column":360},"end":{"line":23,"column":380}},"22":{"start":{"line":23,"column":401},"end":{"line":23,"column":420}},"23":{"start":{"line":23,"column":429},"end":{"line":23,"column":449}},"24":{"start":{"line":25,"column":13},"end":{"line":25,"column":38}},"25":{"start":{"line":28,"column":0},"end":{"line":52,"column":5}},"26":{"start":{"line":29,"column":13},"end":{"line":47,"column":5}},"27":{"start":{"line":30,"column":4},"end":{"line":46,"column":27}},"28":{"start":{"line":31,"column":6},"end":{"line":45,"column":7}},"29":{"start":{"line":32,"column":8},"end":{"line":44,"column":9}},"30":{"start":{"line":34,"column":12},"end":{"line":34,"column":30}},"31":{"start":{"line":35,"column":12},"end":{"line":35,"column":30}},"32":{"start":{"line":36,"column":12},"end":{"line":36,"column":84}},"33":{"start":{"line":39,"column":12},"end":{"line":39,"column":37}},"34":{"start":{"line":43,"column":12},"end":{"line":43,"column":35}},"35":{"start":{"line":49,"column":2},"end":{"line":51,"column":4}},"36":{"start":{"line":50,"column":4},"end":{"line":50,"column":39}},"37":{"start":{"line":55,"column":0},"end":{"line":78,"column":5}},"38":{"start":{"line":56,"column":14},"end":{"line":73,"column":5}},"39":{"start":{"line":57,"column":4},"end":{"line":72,"column":28}},"40":{"start":{"line":58,"column":6},"end":{"line":71,"column":7}},"41":{"start":{"line":59,"column":8},"end":{"line":70,"column":9}},"42":{"start":{"line":61,"column":12},"end":{"line":61,"column":31}},"43":{"start":{"line":62,"column":12},"end":{"line":62,"column":45}},"44":{"start":{"line":65,"column":12},"end":{"line":65,"column":38}},"45":{"start":{"line":69,"column":12},"end":{"line":69,"column":36}},"46":{"start":{"line":75,"column":2},"end":{"line":77,"column":4}},"47":{"start":{"line":76,"column":4},"end":{"line":76,"column":40}},"48":{"start":{"line":80,"column":0},"end":{"line":80,"column":24}}},"fnMap":{"0":{"name":"_interopRequireDefault","decl":{"start":{"line":21,"column":9},"end":{"line":21,"column":31}},"loc":{"start":{"line":21,"column":37},"end":{"line":21,"column":95}},"line":21},"1":{"name":"_asyncToGenerator","decl":{"start":{"line":23,"column":9},"end":{"line":23,"column":26}},"loc":{"start":{"line":23,"column":31},"end":{"line":23,"column":458}},"line":23},"2":{"name":"(anonymous_2)","decl":{"start":{"line":23,"column":40},"end":{"line":23,"column":41}},"loc":{"start":{"line":23,"column":52},"end":{"line":23,"column":455}},"line":23},"3":{"name":"(anonymous_3)","decl":{"start":{"line":23,"column":110},"end":{"line":23,"column":111}},"loc":{"start":{"line":23,"column":137},"end":{"line":23,"column":451}},"line":23},"4":{"name":"step","decl":{"start":{"line":23,"column":148},"end":{"line":23,"column":152}},"loc":{"start":{"line":23,"column":163},"end":{"line":23,"column":428}},"line":23},"5":{"name":"(anonymous_5)","decl":{"start":{"line":23,"column":341},"end":{"line":23,"column":342}},"loc":{"start":{"line":23,"column":358},"end":{"line":23,"column":382}},"line":23},"6":{"name":"(anonymous_6)","decl":{"start":{"line":23,"column":384},"end":{"line":23,"column":385}},"loc":{"start":{"line":23,"column":399},"end":{"line":23,"column":422}},"line":23},"7":{"name":"(anonymous_7)","decl":{"start":{"line":28,"column":16},"end":{"line":28,"column":17}},"loc":{"start":{"line":28,"column":28},"end":{"line":52,"column":1}},"line":28},"8":{"name":"_callee","decl":{"start":{"line":29,"column":78},"end":{"line":29,"column":85}},"loc":{"start":{"line":29,"column":97},"end":{"line":47,"column":3}},"line":29},"9":{"name":"_callee$","decl":{"start":{"line":30,"column":44},"end":{"line":30,"column":52}},"loc":{"start":{"line":30,"column":63},"end":{"line":46,"column":5}},"line":30},"10":{"name":"(anonymous_10)","decl":{"start":{"line":49,"column":9},"end":{"line":49,"column":10}},"loc":{"start":{"line":49,"column":28},"end":{"line":51,"column":3}},"line":49},"11":{"name":"(anonymous_11)","decl":{"start":{"line":55,"column":24},"end":{"line":55,"column":25}},"loc":{"start":{"line":55,"column":36},"end":{"line":78,"column":1}},"line":55},"12":{"name":"_callee2","decl":{"start":{"line":56,"column":79},"end":{"line":56,"column":87}},"loc":{"start":{"line":56,"column":99},"end":{"line":73,"column":3}},"line":56},"13":{"name":"_callee2$","decl":{"start":{"line":57,"column":44},"end":{"line":57,"column":53}},"loc":{"start":{"line":57,"column":65},"end":{"line":72,"column":5}},"line":57},"14":{"name":"(anonymous_14)","decl":{"start":{"line":75,"column":9},"end":{"line":75,"column":10}},"loc":{"start":{"line":75,"column":29},"end":{"line":77,"column":3}},"line":75}},"branchMap":{"0":{"loc":{"start":{"line":21,"column":46},"end":{"line":21,"column":92}},"type":"cond-expr","locations":[{"start":{"line":21,"column":70},"end":{"line":21,"column":73}},{"start":{"line":21,"column":76},"end":{"line":21,"column":92}}],"line":21},"1":{"loc":{"start":{"line":21,"column":46},"end":{"line":21,"column":67}},"type":"binary-expr","locations":[{"start":{"line":21,"column":46},"end":{"line":21,"column":49}},{"start":{"line":21,"column":53},"end":{"line":21,"column":67}}],"line":21},"2":{"loc":{"start":{"line":23,"column":264},"end":{"line":23,"column":426}},"type":"if","locations":[{"start":{"line":23,"column":264},"end":{"line":23,"column":426}},{"start":{"line":23,"column":264},"end":{"line":23,"column":426}}],"line":23},"3":{"loc":{"start":{"line":32,"column":8},"end":{"line":44,"column":9}},"type":"switch","locations":[{"start":{"line":33,"column":10},"end":{"line":36,"column":84}},{"start":{"line":38,"column":10},"end":{"line":39,"column":37}},{"start":{"line":41,"column":10},"end":{"line":41,"column":17}},{"start":{"line":42,"column":10},"end":{"line":43,"column":35}}],"line":32},"4":{"loc":{"start":{"line":59,"column":8},"end":{"line":70,"column":9}},"type":"switch","locations":[{"start":{"line":60,"column":10},"end":{"line":62,"column":45}},{"start":{"line":64,"column":10},"end":{"line":65,"column":38}},{"start":{"line":67,"column":10},"end":{"line":67,"column":17}},{"start":{"line":68,"column":10},"end":{"line":69,"column":36}}],"line":59}},"s":{"0":1,"1":1,"2":1,"3":1,"4":1,"5":1,"6":1,"7":1,"8":1,"9":4,"10":2,"11":2,"12":2,"13":4,"14":4,"15":4,"16":0,"17":0,"18":4,"19":2,"20":2,"21":2,"22":0,"23":2,"24":1,"25":1,"26":1,"27":1,"28":2,"29":2,"30":1,"31":1,"32":1,"33":1,"34":1,"35":1,"36":1,"37":1,"38":1,"39":1,"40":2,"41":2,"42":1,"43":1,"44":1,"45":1,"46":1,"47":1,"48":1},"f":{"0":4,"1":2,"2":2,"3":2,"4":4,"5":2,"6":0,"7":1,"8":1,"9":2,"10":1,"11":1,"12":1,"13":2,"14":1},"b":{"0":[2,2],"1":[4,4],"2":[2,2],"3":[1,1,1,1],"4":[1,1,1,1]},"_coverageSchema":"332fd63041d2c1bcb487cc26dd0d5f7d97098a6c","hash":"d1ab28bcfc8cb3b04950c0f6570e5cd145ad5b10"}
}
