TN:
SF:F:\Workspaces\yideng\video-system\build\app.js
FN:27,_interopRequireDefault
FN:36,(anonymous_1)
FNF:2
FNH:2
FNDA:5,_interopRequireDefault
FNDA:1,(anonymous_1)
DA:3,1
DA:7,1
DA:9,1
DA:11,1
DA:13,1
DA:15,1
DA:17,1
DA:19,1
DA:21,1
DA:23,1
DA:25,1
DA:27,5
DA:29,1
DA:32,1
DA:34,1
DA:36,1
DA:37,1
DA:40,1
LF:18
LH:18
BRDA:27,0,0,1
BRDA:27,0,1,4
BRDA:27,1,0,5
BRDA:27,1,1,5
BRF:4
BRH:4
end_of_record
TN:
SF:F:\Workspaces\yideng\video-system\build\config\config.js
FN:11,_interopRequireDefault
FNF:1
FNH:1
FNDA:1,_interopRequireDefault
DA:3,1
DA:7,1
DA:9,1
DA:11,1
DA:13,1
DA:14,1
DA:15,1
DA:16,1
DA:17,1
DA:18,1
LF:10
LH:10
BRDA:11,0,0,0
BRDA:11,0,1,1
BRDA:11,1,0,1
BRDA:11,1,1,1
BRF:4
BRH:3
end_of_record
TN:
SF:F:\Workspaces\yideng\video-system\build\models\index.js
FN:15,_interopRequireDefault
FN:17,_asyncToGenerator
FN:17,(anonymous_2)
FN:17,(anonymous_3)
FN:17,step
FN:17,(anonymous_5)
FN:17,(anonymous_6)
FN:20,getInfo
FN:21,(anonymous_8)
FN:22,_callee
FN:23,_callee$
FN:37,(anonymous_11)
FNF:12
FNH:10
FNDA:2,_interopRequireDefault
FNDA:1,_asyncToGenerator
FNDA:1,(anonymous_2)
FNDA:1,(anonymous_3)
FNDA:1,step
FNDA:0,(anonymous_5)
FNDA:0,(anonymous_6)
FNDA:1,getInfo
FNDA:1,(anonymous_8)
FNDA:1,_callee
FNDA:2,_callee$
FNDA:1,(anonymous_11)
DA:3,1
DA:7,1
DA:9,1
DA:11,1
DA:13,1
DA:15,2
DA:17,1
DA:19,1
DA:21,1
DA:22,1
DA:23,1
DA:24,2
DA:25,2
DA:27,1
DA:31,1
DA:37,1
DA:38,1
DA:44,1
LF:18
LH:18
BRDA:15,0,0,1
BRDA:15,0,1,1
BRDA:15,1,0,2
BRDA:15,1,1,2
BRDA:17,2,0,1
BRDA:17,2,1,0
BRDA:25,3,0,1
BRDA:25,3,1,0
BRDA:25,3,2,1
BRF:9
BRH:7
end_of_record
TN:
SF:F:\Workspaces\yideng\video-system\build\routers\index.js
FN:21,_interopRequireDefault
FN:23,_asyncToGenerator
FN:23,(anonymous_2)
FN:23,(anonymous_3)
FN:23,step
FN:23,(anonymous_5)
FN:23,(anonymous_6)
FN:28,(anonymous_7)
FN:29,_callee
FN:30,_callee$
FN:49,(anonymous_10)
FN:55,(anonymous_11)
FN:56,_callee2
FN:57,_callee2$
FN:75,(anonymous_14)
FNF:15
FNH:14
FNDA:4,_interopRequireDefault
FNDA:2,_asyncToGenerator
FNDA:2,(anonymous_2)
FNDA:2,(anonymous_3)
FNDA:4,step
FNDA:2,(anonymous_5)
FNDA:0,(anonymous_6)
FNDA:1,(anonymous_7)
FNDA:1,_callee
FNDA:2,_callee$
FNDA:1,(anonymous_10)
FNDA:1,(anonymous_11)
FNDA:1,_callee2
FNDA:2,_callee2$
FNDA:1,(anonymous_14)
DA:3,1
DA:5,1
DA:7,1
DA:9,1
DA:11,1
DA:13,1
DA:15,1
DA:17,1
DA:19,1
DA:21,4
DA:23,4
DA:25,1
DA:28,1
DA:29,1
DA:30,1
DA:31,2
DA:32,2
DA:34,1
DA:35,1
DA:36,1
DA:39,1
DA:43,1
DA:49,1
DA:50,1
DA:55,1
DA:56,1
DA:57,1
DA:58,2
DA:59,2
DA:61,1
DA:62,1
DA:65,1
DA:69,1
DA:75,1
DA:76,1
DA:80,1
LF:36
LH:36
BRDA:21,0,0,2
BRDA:21,0,1,2
BRDA:21,1,0,4
BRDA:21,1,1,4
BRDA:23,2,0,2
BRDA:23,2,1,2
BRDA:32,3,0,1
BRDA:32,3,1,1
BRDA:32,3,2,1
BRDA:32,3,3,1
BRDA:59,4,0,1
BRDA:59,4,1,1
BRDA:59,4,2,1
BRDA:59,4,3,1
BRF:14
BRH:14
end_of_record
